Arguments: 
  /home/ruslan/.nvm/versions/node/v16.17.0/bin/node /home/ruslan/.nvm/versions/node/v16.17.0/bin/yarn add mp4box

PATH: 
  /home/ruslan/.nvm/versions/node/v16.17.0/bin:/home/ruslan/.cargo/bin:/home/ruslan/.local/bin:/usr/local/sbin:/usr/local/bin:/usr/sbin:/usr/bin:/sbin:/bin:/usr/games:/usr/local/games:/snap/bin:/usr/local/go/bin:/home/ruslan/go/bin

Yarn version: 
  1.22.19

Node version: 
  16.17.0

Platform: 
  linux x64

Trace: 
  SyntaxError: /home/ruslan/projects/fmp4-repack/package.json: Unexpected end of JSON input
      at JSON.parse (<anonymous>)
      at /home/ruslan/.nvm/versions/node/v16.17.0/lib/node_modules/yarn/lib/cli.js:1629:59
      at Generator.next (<anonymous>)
      at step (/home/ruslan/.nvm/versions/node/v16.17.0/lib/node_modules/yarn/lib/cli.js:310:30)
      at /home/ruslan/.nvm/versions/node/v16.17.0/lib/node_modules/yarn/lib/cli.js:321:13

npm manifest: 
  

yarn manifest: 
  No manifest

Lockfile: 
  No lockfile
